Arguments: 
  C:\Program Files\nodejs\node.exe C:\Users\dell\AppData\Roaming\npm\node_modules\yarn\bin\yarn.js add express nodemon

PATH: 
  C:\Users\dell\bin;C:\Program Files\Git\mingw64\bin;C:\Program Files\Git\usr\local\bin;C:\Program Files\Git\usr\bin;C:\Program Files\Git\usr\bin;C:\Program Files\Git\mingw64\bin;C:\Program Files\Git\usr\bin;C:\Users\dell\bin;C:\ProgramData\Oracle\Java\javapath;C:\Windows\system32;C:\Windows;C:\Windows\System32\Wbem;C:\Windows\System32\WindowsPowerShell\v1.0;C:\Windows\System32\OpenSSH;C:\wamp64\bin\php\php7.4.0;C:\ProgramData\ComposerSetup\bin;C:\wamp\bin\php\php7.4.0;C:\Program Files (x86);C:\Program Files\Go\bin;C:\Program Files\Git\cmd;C:\Program Files\nodejs;C:\Program Files\Docker\Docker\resources\bin;C:\ProgramData\DockerDesktop\version-bin;C:\Users\dell\AppData\Local\Programs\Python\Python310\Scripts;C:\Users\dell\AppData\Local\Programs\Python\Python310;C:\Users\dell\AppData\Local\Microsoft\WindowsApps;C:\Users\dell\AppData\Local\Programs\Microsoft VS Code\bin;C:\Users\dell\AppData\Roaming\Composer\vendor\bin;C:\Users\dell\AppData\Local\GitHubDesktop\bin;C:\Program Files\heroku\bin;C:\Users\dell\go\bin;C:\Users\dell\AppData\Roaming\npm;C:\Program Files\Git\usr\bin\vendor_perl;C:\Program Files\Git\usr\bin\core_perl

Yarn version: 
  1.22.18

Node version: 
  16.14.2

Platform: 
  win32 x64

Trace: 
  Error: getaddrinfo EAI_AGAIN registry.yarnpkg.com
      at GetAddrInfoReqWrap.onlookup [as oncomplete] (node:dns:71:26)

npm manifest: 
  {
    "name": "Regex",
    "version": "1.0.0",
    "main": "app.js",
    "repository": "https://github.com/fastbeetech/kodecamp2.0.git",
    "author": "Abiola Fasanya",
    "license": "MIT"
  }

yarn manifest: 
  No manifest

Lockfile: 
  No lockfile
